<?xml version="1.0" encoding="UTF-8"?>
<beans xmlns="http://www.springframework.org/schema/beans"
       xmlns:xsi="http://www.w3.org/2001/XMLSchema-instance"
       xmlns:context="http://www.springframework.org/schema/context" xmlns:util="http://www.springframework.org/schema/util"
       xsi:schemaLocation="http://www.springframework.org/schema/beans
       http://www.springframework.org/schema/beans/spring-beans.xsd
       http://www.springframework.org/schema/integration
       http://www.springframework.org/schema/integration/spring-integration.xsd
       http://www.springframework.org/schema/context
       http://www.springframework.org/schema/context/spring-context.xsd http://www.springframework.org/schema/util http://www.springframework.org/schema/util/spring-util.xsd">


    <bean id="timedOutRfqQueueService" class="com.domain.service.TimeoutQueueService"  >
            <constructor-arg name="maxQueueCapacity" value="500" />
            <constructor-arg name="initialDelaySeconds"     value="0" />
            <constructor-arg name="scanPeriodSeconds"     value="3" />     <!-- scan happens at 0,3,6,9 -->
            <constructor-arg name="itemLifetimeInSeconds"     value="8" /> <!-- so first item will be triggered at 9 seconds -->
    </bean>
</beans>